Arguments: 
  /usr/local/bin/node /usr/local/bin/yarn

PATH: 
  /usr/local/bin:/usr/bin:/bin:/usr/sbin:/sbin:/usr/local/go/bin:/usr/local/bin:/usr/bin:/bin:/usr/sbin:/sbin

Yarn version: 
  0.18.1

Node version: 
  6.9.4

Platform: 
  darwin x64

npm manifest: 
  {
    "name": "groot-user-service",
    "version": "1.0.0",
    "description": "A User service for groot",
    "main": "server.js",
    "scripts": {
      "start": "node server.js"
    },
    "author": "Aashish Kapur",
    "dependencies": {
      "body-parser": "^1.15.2",
      "dotenv": "^2.0.0",
      "express": "^4.14.0",
      "mysql": "^2.11.1",
      "path": "^0.12.7",
      "request": "^2.76.0",
      "request-debug": "^0.2.0"
    },
    "repository": {
      "type": "git",
      "url": "git+https://github.com/acm-uiuc/groot-users-service.git"
    },
    "bugs": {
      "url": "https://github.com/acm-uiuc/groot-users-service/issues"
    },
    "homepage": "https://github.com/acm-uiuc/groot-users-service#readme"
  }

yarn manifest: 
  No manifest

Lockfile: 
  No lockfile

Trace: 
  Error: EPERM: operation not permitted, utime '/Users/ssapra/Dropbox/groot/groot-users-service/node_modules/ansi-styles/license'
      at Error (native)
